ERROR:root:s80-MUSA_THIRD_PARTY_AND_HIP_TEST failed: 5 条
INFO:root:s80-MUSA_THIRD_PARTY_AND_HIP_TEST 失败测试用例:['test_hip[hipGetSetDeviceFlags]', 'test_hip[hipStressAsync]', 'test_hip[hipStressKernel]', 'test_hip[hipStressSync]', 'test_hip[hipStressChain]']
INFO:root:s80-MUSA_THIRD_PARTY_AND_HIP_TEST passed case: 507 条
------------------------------------------
INFO:root:s80-OPENCL_MUSA_API passed case: 6621 条
------------------------------------------
INFO:root:s80-cuda_sample failed: 1 条
INFO:root:s80-cuda_sample passed case: 82 条
------------------------------------------
INFO:root:s80-ptsz failed: 0 条
INFO:root:s80-ptsz passed case: 387 条
------------------------------------------
ERROR:root:s3000-OPENCL_MUSA_API failed: 1 条
INFO:root:s3000-OPENCL_MUSA_API 失败测试用例:['test_opencl_cts_on_musa[binary_two_results_i_double-2-3]']
INFO:root:s3000-OPENCL_MUSA_API passed case: 6620 条
------------------------------------------
ERROR:root:s3000-MUSA_THIRD_PARTY_AND_HIP_TEST failed: 5 条
INFO:root:s3000-MUSA_THIRD_PARTY_AND_HIP_TEST 失败测试用例:['test_hip[hipStressSync]', 'test_hip[hipStressChain]', 'test_hip[hipGetSetDeviceFlags]', 'test_hip[hipStressKernel]', 'test_hip[hipStressAsync]']
INFO:root:s3000-MUSA_THIRD_PARTY_AND_HIP_TEST passed case: 507 条
------------------------------------------
ERROR:root:s3000-MUSA_FUNCTIONAL failed: 7 条
INFO:root:s3000-MUSA_FUNCTIONAL 失败测试用例:['test_functional_test[musa_writeOverFlow]', 'test_functional_test[musa_readOverFlow_withVerbose]', 'test_functional_test[musa_runTimeout]', 'test_functional_test[kernelTimeoutTest]', 'test_functional_test[rt_pagefault_hwr]', 'test_functional_test[cuda_vmm_memory_copy_async]', 'test_functional_test[musa_readOverFlow]']
INFO:root:s3000-MUSA_FUNCTIONAL passed case: 203 条
------------------------------------------
INFO:root:s3000-cuda_sample failed: 1 条
INFO:root:s3000-cuda_sample passed case: 82 条
------------------------------------------
INFO:root:s3000-ptsz failed: 0 条
INFO:root:s3000-ptsz passed case: 387 条
------------------------------------------
ERROR:root:s3000-MUSA_STRESS_TEST failed: 6 条
INFO:root:s3000-MUSA_STRESS_TEST 失败测试用例:['test_stress[memcpy3D_3d_4_3_mthreads]', 'test_stress[memcpy3D_3d_4_2]', 'test_stress[memcpy3D_3d_4_1_mthreads]', 'test_stress[rt_attribute_check]', 'test_stress[memcpy3D_3d_4_2_mthreads]', 'test_stress[memcpy3D_3d_4_4_mthreads]']
INFO:root:s3000-MUSA_STRESS_TEST passed case: 340 条
------------------------------------------
ERROR:root:s4000-OPENCL_MUSA_API failed: 3 条
INFO:root:s4000-OPENCL_MUSA_API 失败测试用例:['test_musa_api[muMemGetAccess-3-3]', 'test_musa_api[muMemGetAccess-2-3]', 'test_musa_api[muMemGetAccess-1-3]']
INFO:root:s4000-OPENCL_MUSA_API passed case: 6675 条
------------------------------------------
ERROR:root:s4000-MUSA_THIRD_PARTY_AND_HIP_TEST failed: 5 条
INFO:root:s4000-MUSA_THIRD_PARTY_AND_HIP_TEST 失败测试用例:['test_hip[hipStressChain]', 'test_hip[hipStressKernel]', 'test_hip[hipGetSetDeviceFlags]', 'test_hip[hipStressSync]', 'test_hip[hipStressAsync]']
INFO:root:s4000-MUSA_THIRD_PARTY_AND_HIP_TEST passed case: 510 条
------------------------------------------
ERROR:root:s4000-MUSA_FUNCTIONAL failed: 8 条
INFO:root:s4000-MUSA_FUNCTIONAL 失败测试用例:['test_functional_test[musa_readOverFlow_withVerbose]', 'test_functional_test[musa_runTimeout]', 'test_functional_test[kernelTimeoutTest]', 'test_functional_test[musa_writeOverFlow]', 'test_functional_test[vmm_multipledevice_processes_map]', 'test_functional_test[rt_pagefault_hwr]', 'test_functional_test[cuda_vmm_memory_copy_async]', 'test_functional_test[musa_readOverFlow]']
INFO:root:s4000-MUSA_FUNCTIONAL passed case: 202 条
------------------------------------------
INFO:root:s4000-cuda_sample failed: 1 条
INFO:root:s4000-cuda_sample passed case: 87 条
------------------------------------------
INFO:root:s4000-ptsz failed: 0 条
INFO:root:s4000-ptsz passed case: 387 条
------------------------------------------
ERROR:root:s4000-MUSA_STRESS_TEST failed: 10 条
INFO:root:s4000-MUSA_STRESS_TEST 失败测试用例:['test_stress[memcpy3D_3d_4_1]', 'test_stress[memcpy3D_3d_4_2_mthreads]', 'test_stress[memcpy3D_3d_4_3]', 'test_stress[memcpy3D_3d_4_4_mthreads]', 'test_stress[memcpy3D_3d_4_4]', 'test_stress[memcpy3D_3d_4_3_mthreads]', 'test_stress[module_load_default]', 'test_stress[memcpy3D_3d_4_2]', 'test_stress[memcpy3D_3d_4_1_mthreads]', 'test_stress[module_load_eager]']
INFO:root:s4000-MUSA_STRESS_TEST passed case: 356 条
------------------------------------------
ERROR:root:s5000-MUSA_FUNCTIONAL failed: 8 条
INFO:root:s5000-MUSA_FUNCTIONAL 失败测试用例:['test_functional_test[musa_runTimeout]', 'test_functional_test[cuda_vmm_memory_copy_async]', 'test_functional_test[musa_error_misaligend_address]', 'test_functional_test[musa_writeOverFlow]', 'test_functional_test[musa_readOverFlow_withVerbose]', 'test_functional_test[kernelTimeoutTest]', 'test_functional_test[rt_pagefault_hwr]', 'test_functional_test[musa_readOverFlow]']
INFO:root:s5000-MUSA_FUNCTIONAL passed case: 204 条
------------------------------------------
ERROR:root:s5000-MUSA_FUNCTIONAL failed: 11 条
INFO:root:s5000-MUSA_FUNCTIONAL 失败测试用例:['test_functional_test[musa_error_misaligend_address]', 'test_functional_test[musa_useAfterFree]', 'test_functional_test[musa_illegal_adress]', 'test_functional_test[kernelTimeoutTest]', 'test_functional_test[musa_runTimeout]', 'test_functional_test[rt_pagefault_hwr]', 'test_functional_test[musa_writeOverFlow]', 'test_functional_test[cuda_vmm_memory_copy_async]', 'test_functional_test[musa_readOverFlow_withVerbose]', 'test_functional_test[exception_invalid_memspace]', 'test_functional_test[musa_readOverFlow]']
INFO:root:s5000-MUSA_FUNCTIONAL passed case: 201 条
------------------------------------------
ERROR:root:s5000-MUSA_STRESS_TEST failed: 8 条
INFO:root:s5000-MUSA_STRESS_TEST 失败测试用例:['test_stress[memcpy3D_3d_4_4]', 'test_stress[memcpy3D_3d_4_1]', 'test_stress[memcpy3D_3d_4_3]', 'test_stress[memcpy3D_3d_4_2_mthreads]', 'test_stress[memcpy3D_3d_4_3_mthreads]', 'test_stress[memcpy3D_3d_4_4_mthreads]', 'test_stress[memcpy3D_3d_4_1_mthreads]', 'test_stress[memcpy3D_3d_4_2]']
INFO:root:s5000-MUSA_STRESS_TEST passed case: 356 条
------------------------------------------
ERROR:root:s5000-MUSA_STRESS_TEST failed: 4 条
INFO:root:s5000-MUSA_STRESS_TEST 失败测试用例:['test_stress[memcpy3D_3d_4_1_mthreads]', 'test_stress[memcpy3D_3d_4_2_mthreads]', 'test_stress[memcpy3D_3d_4_4_mthreads]', 'test_stress[memcpy3D_3d_4_3_mthreads]']
INFO:root:s5000-MUSA_STRESS_TEST passed case: 360 条
------------------------------------------
['MUSA_STRESS_TESTs80-MUSA_FUNCTIONAL', 's4000-MULTI_DEV', 's4000-test.mudnn_cts', 's5000-OPENCL_MUSA_API', 's5000-MUSA_THIRD_PARTY_AND_HIP_TEST', 's5000-ptsz', 's5000-MULTI_DEV', 's5000-test.mudnn_cts'] 测试异常